<?xml version="1.0" encoding="UTF-8"?>
<testng-results skipped="0" failed="0" ignored="1" total="4" passed="3">
  <reporter-output>
  </reporter-output>
  <suite name="Suite" duration-ms="101" started-at="2020-10-27T03:08:52 EDT" finished-at="2020-10-27T03:08:52 EDT">
    <groups>
    </groups>
    <test name="TestforDataProvidor" duration-ms="101" started-at="2020-10-27T03:08:52 EDT" finished-at="2020-10-27T03:08:52 EDT">
      <class name="test.day1">
        <test-method status="PASS" signature="secondTest(java.lang.String, java.lang.String)[pri:0, instance:test.day1@47ef968d]" name="secondTest" duration-ms="8" started-at="2020-10-27T03:08:52 EDT" data-provider="getData" finished-at="2020-10-27T03:08:52 EDT">
          <params>
            <param index="0">
              <value>
                <![CDATA[firstusername]]>
              </value>
            </param>
            <param index="1">
              <value>
                <![CDATA[firstpassword]]>
              </value>
            </param>
          </params>
          <reporter-output>
          </reporter-output>
        </test-method> <!-- secondTest -->
        <test-method status="PASS" signature="secondTest(java.lang.String, java.lang.String)[pri:0, instance:test.day1@47ef968d]" name="secondTest" duration-ms="10" started-at="2020-10-27T03:08:52 EDT" data-provider="getData" finished-at="2020-10-27T03:08:52 EDT">
          <params>
            <param index="0">
              <value>
                <![CDATA[secondusername]]>
              </value>
            </param>
            <param index="1">
              <value>
                <![CDATA[secondpass]]>
              </value>
            </param>
          </params>
          <reporter-output>
          </reporter-output>
        </test-method> <!-- secondTest -->
        <test-method status="PASS" signature="secondTest(java.lang.String, java.lang.String)[pri:0, instance:test.day1@47ef968d]" name="secondTest" duration-ms="2" started-at="2020-10-27T03:08:52 EDT" data-provider="getData" finished-at="2020-10-27T03:08:52 EDT">
          <params>
            <param index="0">
              <value>
                <![CDATA[thirdusername]]>
              </value>
            </param>
            <param index="1">
              <value>
                <![CDATA[Thirdpass]]>
              </value>
            </param>
          </params>
          <reporter-output>
          </reporter-output>
        </test-method> <!-- secondTest -->
        <test-method status="PASS" signature="postReq()[pri:0, instance:test.day1@47ef968d]" name="postReq" is-config="true" duration-ms="2" started-at="2020-10-27T03:08:52 EDT" finished-at="2020-10-27T03:08:52 EDT">
          <reporter-output>
          </reporter-output>
        </test-method> <!-- postReq -->
        <test-method status="PASS" signature="AFSuite()[pri:0, instance:test.day1@47ef968d]" name="AFSuite" is-config="true" duration-ms="1" started-at="2020-10-27T03:08:52 EDT" finished-at="2020-10-27T03:08:52 EDT">
          <reporter-output>
          </reporter-output>
        </test-method> <!-- AFSuite -->
      </class> <!-- test.day1 -->
    </test> <!-- TestforDataProvidor -->
  </suite> <!-- Suite -->
</testng-results>
