<?xml version="1.0" encoding="UTF-8"?>
<testng-results ignored="8" total="11" passed="3" failed="0" skipped="0">
  <reporter-output>
  </reporter-output>
  <suite started-at="2019-10-18T00:30:14Z" name="Command line suite" finished-at="2019-10-18T00:30:14Z" duration-ms="33">
    <groups>
    </groups>
    <test started-at="2019-10-18T00:30:14Z" name="Command line test" finished-at="2019-10-18T00:30:14Z" duration-ms="33">
      <class name="com.TestNGProject.RegressionTest">
        <test-method is-config="true" signature="beforeclass()[pri:0, instance:com.TestNGProject.RegressionTest@694e1548]" started-at="2019-10-18T00:30:14Z" name="beforeclass" finished-at="2019-10-18T00:30:14Z" duration-ms="1" status="PASS">
          <reporter-output>
          </reporter-output>
        </test-method> <!-- beforeclass -->
        <test-method signature="test1()[pri:0, instance:com.TestNGProject.RegressionTest@694e1548]" started-at="2019-10-18T00:30:14Z" name="test1" finished-at="2019-10-18T00:30:14Z" duration-ms="0" status="PASS">
          <reporter-output>
          </reporter-output>
        </test-method> <!-- test1 -->
        <test-method is-config="true" signature="beforemethod()[pri:0, instance:com.TestNGProject.RegressionTest@694e1548]" started-at="2019-10-18T00:30:14Z" name="beforemethod" finished-at="2019-10-18T00:30:14Z" duration-ms="0" status="PASS">
          <reporter-output>
          </reporter-output>
        </test-method> <!-- beforemethod -->
        <test-method is-config="true" signature="aftermethod()[pri:0, instance:com.TestNGProject.RegressionTest@694e1548]" started-at="2019-10-18T00:30:14Z" name="aftermethod" finished-at="2019-10-18T00:30:14Z" duration-ms="0" status="PASS">
          <reporter-output>
          </reporter-output>
        </test-method> <!-- aftermethod -->
        <test-method is-config="true" signature="beforemethod()[pri:0, instance:com.TestNGProject.RegressionTest@694e1548]" started-at="2019-10-18T00:30:14Z" name="beforemethod" finished-at="2019-10-18T00:30:14Z" duration-ms="1" status="PASS">
          <reporter-output>
          </reporter-output>
        </test-method> <!-- beforemethod -->
        <test-method signature="test2()[pri:0, instance:com.TestNGProject.RegressionTest@694e1548]" started-at="2019-10-18T00:30:14Z" name="test2" finished-at="2019-10-18T00:30:14Z" duration-ms="0" status="PASS">
          <reporter-output>
          </reporter-output>
        </test-method> <!-- test2 -->
        <test-method is-config="true" signature="aftermethod()[pri:0, instance:com.TestNGProject.RegressionTest@694e1548]" started-at="2019-10-18T00:30:14Z" name="aftermethod" finished-at="2019-10-18T00:30:14Z" duration-ms="0" status="PASS">
          <reporter-output>
          </reporter-output>
        </test-method> <!-- aftermethod -->
        <test-method is-config="true" signature="afterclass()[pri:0, instance:com.TestNGProject.RegressionTest@694e1548]" started-at="2019-10-18T00:30:14Z" name="afterclass" finished-at="2019-10-18T00:30:14Z" duration-ms="0" status="PASS">
          <reporter-output>
          </reporter-output>
        </test-method> <!-- afterclass -->
      </class> <!-- com.TestNGProject.RegressionTest -->
      <class name="com.TestNGProject.SmokeTest">
        <test-method is-config="true" signature="beforesuite()[pri:0, instance:com.TestNGProject.SmokeTest@1f554b06]" started-at="2019-10-18T00:30:14Z" name="beforesuite" finished-at="2019-10-18T00:30:14Z" duration-ms="15" status="PASS">
          <reporter-output>
          </reporter-output>
        </test-method> <!-- beforesuite -->
        <test-method is-config="true" signature="beforetest()[pri:0, instance:com.TestNGProject.SmokeTest@1f554b06]" started-at="2019-10-18T00:30:14Z" name="beforetest" finished-at="2019-10-18T00:30:14Z" duration-ms="1" status="PASS">
          <reporter-output>
          </reporter-output>
        </test-method> <!-- beforetest -->
        <test-method is-config="true" signature="beforeclass()[pri:0, instance:com.TestNGProject.SmokeTest@1f554b06]" started-at="2019-10-18T00:30:14Z" name="beforeclass" finished-at="2019-10-18T00:30:14Z" duration-ms="0" status="PASS">
          <reporter-output>
          </reporter-output>
        </test-method> <!-- beforeclass -->
        <test-method is-config="true" signature="beforemethod()[pri:0, instance:com.TestNGProject.SmokeTest@1f554b06]" started-at="2019-10-18T00:30:14Z" name="beforemethod" finished-at="2019-10-18T00:30:14Z" duration-ms="1" status="PASS">
          <reporter-output>
          </reporter-output>
        </test-method> <!-- beforemethod -->
        <test-method signature="test3()[pri:0, instance:com.TestNGProject.SmokeTest@1f554b06]" started-at="2019-10-18T00:30:14Z" name="test3" finished-at="2019-10-18T00:30:14Z" duration-ms="1" status="PASS">
          <reporter-output>
          </reporter-output>
        </test-method> <!-- test3 -->
        <test-method is-config="true" signature="aftermethod()[pri:0, instance:com.TestNGProject.SmokeTest@1f554b06]" started-at="2019-10-18T00:30:14Z" name="aftermethod" finished-at="2019-10-18T00:30:14Z" duration-ms="0" status="PASS">
          <reporter-output>
          </reporter-output>
        </test-method> <!-- aftermethod -->
        <test-method is-config="true" signature="afterclass()[pri:0, instance:com.TestNGProject.SmokeTest@1f554b06]" started-at="2019-10-18T00:30:14Z" name="afterclass" finished-at="2019-10-18T00:30:14Z" duration-ms="0" status="PASS">
          <reporter-output>
          </reporter-output>
        </test-method> <!-- afterclass -->
        <test-method is-config="true" signature="aftertest()[pri:0, instance:com.TestNGProject.SmokeTest@1f554b06]" started-at="2019-10-18T00:30:14Z" name="aftertest" finished-at="2019-10-18T00:30:14Z" duration-ms="0" status="PASS">
          <reporter-output>
          </reporter-output>
        </test-method> <!-- aftertest -->
        <test-method is-config="true" signature="aftersuite()[pri:0, instance:com.TestNGProject.SmokeTest@1f554b06]" started-at="2019-10-18T00:30:14Z" name="aftersuite" finished-at="2019-10-18T00:30:14Z" duration-ms="0" status="PASS">
          <reporter-output>
          </reporter-output>
        </test-method> <!-- aftersuite -->
      </class> <!-- com.TestNGProject.SmokeTest -->
    </test> <!-- Command line test -->
  </suite> <!-- Command line suite -->
</testng-results>
