<?xml version="1.0" encoding="UTF-8"?>
<!-- Generated by org.testng.reporters.JUnitXMLReporter -->
<testsuite hostname="nusrats-mbp-2.lan" ignored="0" name="car loan" tests="4" failures="0" timestamp="2020-10-26T18:11:44 EDT" time="0.062" errors="0">
  <testcase name="mobileLogin" time="0.002" classname="test.day3"/>
  <testcase name="mobileLogin2" time="0.006" classname="test.day3"/>
  <testcase name="weblogin" time="0.003" classname="test.day3"/>
  <testcase name="Apilogin" time="0.001" classname="test.day3"/>
</testsuite> <!-- car loan -->
