<?xml version="1.0" encoding="UTF-8"?>
<!-- Generated by org.testng.reporters.JUnitXMLReporter -->
<testsuite hostname="nusrats-mbp-2.lan" ignored="1" name="Personal loan" tests="5" failures="0" timestamp="2020-10-26T18:11:44 EDT" time="0.103" errors="0">
  <testcase name="demo" time="0.01" classname="test.day1"/>
  <testcase name="ploan" time="0.007" classname="test.day2"/>
  <testcase name="loginAPI" time="0.003" classname="test.day4"/>
  <testcase name="mobileLogin" time="0.002" classname="test.day4"/>
  <testcase name="weblogin" time="0.003" classname="test.day4"/>
  <testcase name="secondTest" time="0.0" classname="test.day1">
    <ignored/>
  </testcase> <!-- secondTest -->
</testsuite> <!-- Personal loan -->
