<?xml version="1.0" encoding="UTF-8"?>
<!-- Generated by org.testng.reporters.JUnitXMLReporter -->
<testsuite hostname="nusrats-mbp-2.lan" ignored="7" name="Regression" tests="3" failures="0" timestamp="2020-10-21T18:06:11 EDT" time="0.091" errors="0">
  <testcase name="ploan" time="0.012" classname="test.day2"/>
  <testcase name="mobileLogin" time="0.003" classname="test.day3"/>
  <testcase name="loginAPI" time="0.002" classname="test.day4"/>
  <testcase name="demo" time="0.0" classname="test.day1">
    <ignored/>
  </testcase> <!-- demo -->
  <testcase name="secondTest" time="0.0" classname="test.day1">
    <ignored/>
  </testcase> <!-- secondTest -->
  <testcase name="mobileLogin" time="0.0" classname="test.day4">
    <ignored/>
  </testcase> <!-- mobileLogin -->
  <testcase name="weblogin" time="0.0" classname="test.day3">
    <ignored/>
  </testcase> <!-- weblogin -->
  <testcase name="mobileLogin2" time="0.0" classname="test.day3">
    <ignored/>
  </testcase> <!-- mobileLogin2 -->
  <testcase name="loginAPI" time="0.0" classname="test.day3">
    <ignored/>
  </testcase> <!-- loginAPI -->
  <testcase name="weblogin" time="0.0" classname="test.day4">
    <ignored/>
  </testcase> <!-- weblogin -->
</testsuite> <!-- Regression -->
