<?xml version="1.0" encoding="UTF-8"?>
<!-- Generated by org.testng.reporters.JUnitXMLReporter -->
<testsuite ignored="8" hostname="nusrats-mbp.lan" failures="0" tests="3" name="Command line test" time="0.033" errors="0" timestamp="18 Oct 2019 00:30:14 GMT">
  <testcase classname="com.TestNGProject.SmokeTest" name="test3" time="0.001"/>
  <testcase classname="com.TestNGProject.RegressionTest" name="test1" time="0.0"/>
  <testcase classname="com.TestNGProject.RegressionTest" name="test2" time="0.0"/>
  <testcase classname="com.TestNGProject.BaseTest" name="@BeforeSuite beforesuite" time="0.0">
    <ignored/>
  </testcase> <!-- @BeforeSuite beforesuite -->
  <testcase classname="com.TestNGProject.BaseTest" name="@BeforeSuite beforesuite" time="0.0">
    <ignored/>
  </testcase> <!-- @BeforeSuite beforesuite -->
  <testcase classname="com.TestNGProject.BaseTest" name="@BeforeTest beforetest" time="0.0">
    <ignored/>
  </testcase> <!-- @BeforeTest beforetest -->
  <testcase classname="com.TestNGProject.BaseTest" name="@BeforeTest beforetest" time="0.0">
    <ignored/>
  </testcase> <!-- @BeforeTest beforetest -->
  <testcase classname="com.TestNGProject.BaseTest" name="@AfterSuite aftersuite" time="0.0">
    <ignored/>
  </testcase> <!-- @AfterSuite aftersuite -->
  <testcase classname="com.TestNGProject.BaseTest" name="@AfterSuite aftersuite" time="0.0">
    <ignored/>
  </testcase> <!-- @AfterSuite aftersuite -->
  <testcase classname="com.TestNGProject.BaseTest" name="@AfterTest aftertest" time="0.0">
    <ignored/>
  </testcase> <!-- @AfterTest aftertest -->
  <testcase classname="com.TestNGProject.BaseTest" name="@AfterTest aftertest" time="0.0">
    <ignored/>
  </testcase> <!-- @AfterTest aftertest -->
</testsuite> <!-- Command line test -->
