<?xml version="1.0" encoding="UTF-8"?>
<testng-results skipped="0" failed="0" ignored="0" total="0" passed="0">
  <reporter-output>
  </reporter-output>
  <suite name="Default suite" duration-ms="18" started-at="2020-10-01T20:21:19 EDT" finished-at="2020-10-01T20:21:19 EDT">
    <groups>
    </groups>
    <test name="Default test" duration-ms="18" started-at="2020-10-01T20:21:19 EDT" finished-at="2020-10-01T20:21:19 EDT">
    </test> <!-- Default test -->
  </suite> <!-- Default suite -->
</testng-results>
