<?xml version="1.0" encoding="UTF-8"?>
<!-- Generated by org.testng.reporters.JUnitXMLReporter -->
<testsuite hostname="nusrats-mbp-2.lan" ignored="1" name="TestforDataProvidor" tests="3" failures="0" timestamp="2020-10-27T03:08:52 EDT" time="0.101" errors="0">
  <testcase name="secondTest" time="0.008" classname="test.day1"/>
  <testcase name="secondTest" time="0.01" classname="test.day1"/>
  <testcase name="secondTest" time="0.002" classname="test.day1"/>
  <testcase name="demo" time="0.0" classname="test.day1">
    <ignored/>
  </testcase> <!-- demo -->
</testsuite> <!-- TestforDataProvidor -->
